<?xml version="1.0" encoding="UTF-8"?>
<testsuite xmlns:xsi="http://www.w3.org/2001/XMLSchema-instance" xsi:noNamespaceSchemaLocation="https://maven.apache.org/surefire/maven-surefire-plugin/xsd/surefire-test-report.xsd" version="3.0.2" name="com.example.spring_boot_app.DemoProjectForSpringBootApplicationTests" time="3.034" tests="1" errors="0" skipped="0" failures="0">
  <properties>
[...]
</properties>
  <testcase name="contextLoads" classname="com.example.spring_boot_app.DemoProjectForSpringBootApplicationTests" time="0.788">
    <system-out><![CDATA[11:27:14.321 [main] INFO org.springframework.test.context.support.AnnotationConfigContextLoaderUtils -- Could not detect default configuration classes for test class [com.example.spring_boot_app.DemoProjectForSpringBootApplicationTests]: DemoProjectForSpringBootApplicationTests does not declare any static, non-private, non-final, nested classes annotated with @Configuration.
11:27:14.450 [main] INFO org.springframework.boot.test.context.SpringBootTestContextBootstrapper -- Found @SpringBootConfiguration com.example.spring_boot_app.DemoProjectForSpringBootApplication for test class com.example.spring_boot_app.DemoProjectForSpringBootApplicationTests

  .   ____          _            __ _ _
 /\\ / ___'_ __ _ _(_)_ __  __ _ \ \ \ \
( ( )\___ | '_ | '_| | '_ \/ _` | \ \ \ \
 \\/  ___)| |_)| | | | | || (_| |  ) ) ) )
  '  |____| .__|_| |_|_| |_\__, | / / / /
 =========|_|==============|___/=/_/_/_/

 :: Spring Boot ::                (v3.4.3)

2025-03-14T11:27:14.991Z  INFO 20716 --- [Demo project for Spring Boot] [           main] DemoProjectForSpringBootApplicationTests : Starting DemoProjectForSpringBootApplicationTests using Java 17.0.14 with PID 20716 (started by a551931 in C:\Users\A551931\Documents\GitHub\spring-boot-app)
2025-03-14T11:27:14.995Z  INFO 20716 --- [Demo project for Spring Boot] [           main] DemoProjectForSpringBootApplicationTests : No active profile set, falling back to 1 default profile: "default"
2025-03-14T11:27:16.381Z  INFO 20716 --- [Demo project for Spring Boot] [           main] DemoProjectForSpringBootApplicationTests : Started DemoProjectForSpringBootApplicationTests in 1.722 seconds (process running for 2.766)
]]></system-out>
  </testcase>
</testsuite>